2022/11/27 19:02:06 [notice] 1#1: using the "epoll" event method
2022/11/27 19:02:06 [notice] 1#1: nginx/1.23.2
2022/11/27 19:02:06 [notice] 1#1: built by gcc 10.2.1 20210110 (Debian 10.2.1-6) 
2022/11/27 19:02:06 [notice] 1#1: OS: Linux 5.10.16.3-microsoft-standard-WSL2
2022/11/27 19:02:06 [notice] 1#1: getrlimit(RLIMIT_NOFILE): 1048576:1048576
2022/11/27 19:02:06 [notice] 1#1: start worker processes
2022/11/27 19:02:06 [notice] 1#1: start worker process 20
2022/11/27 19:02:06 [notice] 1#1: start worker process 21
2022/11/27 19:02:06 [notice] 1#1: start worker process 22
2022/11/27 19:02:06 [notice] 1#1: start worker process 23
2022/11/27 19:02:59 [notice] 1#1: signal 3 (SIGQUIT) received, shutting down
2022/11/27 19:02:59 [notice] 20#20: gracefully shutting down
2022/11/27 19:02:59 [notice] 20#20: exiting
2022/11/27 19:02:59 [notice] 21#21: gracefully shutting down
2022/11/27 19:02:59 [notice] 22#22: gracefully shutting down
2022/11/27 19:02:59 [notice] 23#23: gracefully shutting down
2022/11/27 19:02:59 [notice] 20#20: exit
2022/11/27 19:02:59 [notice] 21#21: exiting
2022/11/27 19:02:59 [notice] 22#22: exiting
2022/11/27 19:02:59 [notice] 23#23: exiting
2022/11/27 19:02:59 [notice] 21#21: exit
2022/11/27 19:02:59 [notice] 22#22: exit
2022/11/27 19:02:59 [notice] 23#23: exit
2022/11/27 19:02:59 [notice] 1#1: signal 17 (SIGCHLD) received from 23
2022/11/27 19:02:59 [notice] 1#1: worker process 23 exited with code 0
2022/11/27 19:02:59 [notice] 1#1: signal 29 (SIGIO) received
2022/11/27 19:02:59 [notice] 1#1: signal 17 (SIGCHLD) received from 21
2022/11/27 19:02:59 [notice] 1#1: worker process 20 exited with code 0
2022/11/27 19:02:59 [notice] 1#1: worker process 21 exited with code 0
2022/11/27 19:02:59 [notice] 1#1: signal 29 (SIGIO) received
2022/11/27 19:02:59 [notice] 1#1: signal 17 (SIGCHLD) received from 22
2022/11/27 19:02:59 [notice] 1#1: worker process 22 exited with code 0
2022/11/27 19:02:59 [notice] 1#1: exit
2022/11/27 19:03:16 [notice] 1#1: using the "epoll" event method
2022/11/27 19:03:16 [notice] 1#1: nginx/1.23.2
2022/11/27 19:03:16 [notice] 1#1: built by gcc 10.2.1 20210110 (Debian 10.2.1-6) 
2022/11/27 19:03:16 [notice] 1#1: OS: Linux 5.10.16.3-microsoft-standard-WSL2
2022/11/27 19:03:16 [notice] 1#1: getrlimit(RLIMIT_NOFILE): 1048576:1048576
2022/11/27 19:03:16 [notice] 1#1: start worker processes
2022/11/27 19:03:16 [notice] 1#1: start worker process 22
2022/11/27 19:03:16 [notice] 1#1: start worker process 23
2022/11/27 19:03:16 [notice] 1#1: start worker process 24
2022/11/27 19:03:16 [notice] 1#1: start worker process 25
2022/11/27 19:13:54 [notice] 1#1: signal 3 (SIGQUIT) received, shutting down
2022/11/27 19:13:54 [notice] 22#22: gracefully shutting down
2022/11/27 19:13:54 [notice] 23#23: gracefully shutting down
2022/11/27 19:13:54 [notice] 25#25: gracefully shutting down
2022/11/27 19:13:54 [notice] 24#24: gracefully shutting down
2022/11/27 19:13:54 [notice] 22#22: exiting
2022/11/27 19:13:54 [notice] 23#23: exiting
2022/11/27 19:13:54 [notice] 25#25: exiting
2022/11/27 19:13:54 [notice] 24#24: exiting
2022/11/27 19:13:54 [notice] 22#22: exit
2022/11/27 19:13:54 [notice] 23#23: exit
2022/11/27 19:13:54 [notice] 25#25: exit
2022/11/27 19:13:54 [notice] 24#24: exit
2022/11/27 19:13:54 [notice] 1#1: signal 17 (SIGCHLD) received from 25
2022/11/27 19:13:54 [notice] 1#1: worker process 25 exited with code 0
2022/11/27 19:13:54 [notice] 1#1: signal 29 (SIGIO) received
2022/11/27 19:13:54 [notice] 1#1: signal 17 (SIGCHLD) received from 24
2022/11/27 19:13:54 [notice] 1#1: worker process 24 exited with code 0
2022/11/27 19:13:54 [notice] 1#1: signal 29 (SIGIO) received
2022/11/27 19:13:54 [notice] 1#1: signal 17 (SIGCHLD) received from 23
2022/11/27 19:13:54 [notice] 1#1: worker process 23 exited with code 0
2022/11/27 19:13:54 [notice] 1#1: signal 29 (SIGIO) received
2022/11/27 19:13:54 [notice] 1#1: signal 17 (SIGCHLD) received from 22
2022/11/27 19:13:54 [notice] 1#1: worker process 22 exited with code 0
2022/11/27 19:13:54 [notice] 1#1: exit
